<?xml version="1.0" encoding="UTF-8"?>
<testsuite name="com.kenzie.app.MainTest" tests="6" skipped="0" failures="0" errors="0" timestamp="2022-09-09T20:29:19" hostname="MASTERPC" time="0.018">
  <properties/>
  <testcase name="testAddGreetingContainsHello()" classname="com.kenzie.app.MainTest" time="0.015"/>
  <testcase name="testCountCharacterMatchLetters()" classname="com.kenzie.app.MainTest" time="0.001"/>
  <testcase name="testAddNumbers()" classname="com.kenzie.app.MainTest" time="0.0"/>
  <testcase name="testCountCharacterMatchPunctuation()" classname="com.kenzie.app.MainTest" time="0.0"/>
  <testcase name="testCountCharactersEmptyString()" classname="com.kenzie.app.MainTest" time="0.001"/>
  <testcase name="testCountCharacterMatchAnyCase()" classname="com.kenzie.app.MainTest" time="0.0"/>
  <system-out><![CDATA[]]></system-out>
  <system-err><![CDATA[]]></system-err>
</testsuite>
