<?xml version="1.0" encoding="UTF-8"?>
<testsuite name="com.kenzie.appserver.service.ExampleServiceTest" tests="2" skipped="0" failures="0" errors="0" timestamp="2023-06-15T20:15:00" hostname="MASTERPC" time="0.291">
  <properties/>
  <testcase name="findById()" classname="com.kenzie.appserver.service.ExampleServiceTest" time="0.282"/>
  <testcase name="findByConcertId_invalid()" classname="com.kenzie.appserver.service.ExampleServiceTest" time="0.007"/>
  <system-out><![CDATA[]]></system-out>
  <system-err><![CDATA[]]></system-err>
</testsuite>
