<?xml version="1.0" encoding="UTF-8"?>
<testsuite name="com.kenzie.caching.goodreads.integration.Phase4Test" tests="6" skipped="0" failures="0" errors="0" timestamp="2023-05-17T17:34:37" hostname="MASTERPC" time="32.058">
  <properties/>
  <testcase name="doNotInvalidateCache_getGoalProgress_itemInCacheCache()" classname="com.kenzie.caching.goodreads.integration.Phase4Test" time="5.349"/>
  <testcase name="invalidateCache_markBookAsRead_emptyCache()" classname="com.kenzie.caching.goodreads.integration.Phase4Test" time="5.345"/>
  <testcase name="doNotInvalidateCache_setGoal_itemInCacheCache()" classname="com.kenzie.caching.goodreads.integration.Phase4Test" time="5.342"/>
  <testcase name="doNotInvalidateCache_markBookAsCurrentlyReading_itemInCacheCache()" classname="com.kenzie.caching.goodreads.integration.Phase4Test" time="5.343"/>
  <testcase name="doNotInvalidateCache_updateReadingNoFinished_itemInCacheCache()" classname="com.kenzie.caching.goodreads.integration.Phase4Test" time="5.339"/>
  <testcase name="invalidateCache_updateReadingFinished_emptyCache()" classname="com.kenzie.caching.goodreads.integration.Phase4Test" time="5.34"/>
  <system-out><![CDATA[]]></system-out>
  <system-err><![CDATA[]]></system-err>
</testsuite>
