<?xml version="1.0" encoding="UTF-8"?>
<testsuite name="com.kenzie.lists.itinerarylist.ItineraryTest" tests="9" skipped="0" failures="0" errors="0" timestamp="2022-11-21T03:55:54" hostname="MASTERPC" time="0.042">
  <properties/>
  <testcase name="getTotalNumberOfDays_fromEmptyItinerary_numberOfDaysIsZero()" classname="com.kenzie.lists.itinerarylist.ItineraryTest" time="0.028"/>
  <testcase name="getNumberOfDestinations_fromEmptyItinerary_numberOfDestinationsIsZero()" classname="com.kenzie.lists.itinerarylist.ItineraryTest" time="0.001"/>
  <testcase name="getListOfLocations_fromEmptyItinerary_returnsEmptyList()" classname="com.kenzie.lists.itinerarylist.ItineraryTest" time="0.001"/>
  <testcase name="addDestination_singleDestination_matchingDestinationAdded()" classname="com.kenzie.lists.itinerarylist.ItineraryTest" time="0.005"/>
  <testcase name="removeDestination_fromMultiDestinationItinerary_matchingDestinationNoLongerPresent()" classname="com.kenzie.lists.itinerarylist.ItineraryTest" time="0.001"/>
  <testcase name="getTotalNumberOfDays_fromMultiDestinationItinerary_numberOfDaysMatchesSumOfDaysSpentAtEachLocation()" classname="com.kenzie.lists.itinerarylist.ItineraryTest" time="0.0"/>
  <testcase name="addDestination_multipleDestinations_allMatchingDestinationsAddedInCorrectOrder()" classname="com.kenzie.lists.itinerarylist.ItineraryTest" time="0.001"/>
  <testcase name="removeDestination_fromEmptyItinerary_throwsIndexOutOfBoundsException()" classname="com.kenzie.lists.itinerarylist.ItineraryTest" time="0.003"/>
  <testcase name="getListOfLocations_fromMultiDestinationItinerary_orderOfLocationsMatchesOrderOfDestinations()" classname="com.kenzie.lists.itinerarylist.ItineraryTest" time="0.001"/>
  <system-out><![CDATA[]]></system-out>
  <system-err><![CDATA[]]></system-err>
</testsuite>
