<?xml version="1.0" encoding="UTF-8"?>
<testsuite name="com.kenzie.library.WebRequestDTOTest" tests="2" skipped="0" failures="0" errors="0" timestamp="2022-09-28T17:23:49" hostname="MASTERPC" time="0.011">
  <properties/>
  <testcase name="Check that WebRequestDTO class has required properties" classname="com.kenzie.library.WebRequestDTOTest" time="0.011"/>
  <testcase name="Check that WebRequestDTO class is defined as abstract" classname="com.kenzie.library.WebRequestDTOTest" time="0.0"/>
  <system-out><![CDATA[]]></system-out>
  <system-err><![CDATA[]]></system-err>
</testsuite>
