<?xml version="1.0" encoding="UTF-8"?>
<testsuite name="com.kenzie.classes.WalletTest" tests="5" skipped="0" failures="0" errors="0" timestamp="2022-09-07T06:54:31" hostname="MASTERPC" time="0.015">
  <properties/>
  <testcase name="canSetTotalCash()" classname="com.kenzie.classes.WalletTest" time="0.012"/>
  <testcase name="canSetOwner()" classname="com.kenzie.classes.WalletTest" time="0.001"/>
  <testcase name="canCreateWallet()" classname="com.kenzie.classes.WalletTest" time="0.0"/>
  <testcase name="canCreateDefaultWallet()" classname="com.kenzie.classes.WalletTest" time="0.0"/>
  <testcase name="canSetNumCreditCards()" classname="com.kenzie.classes.WalletTest" time="0.001"/>
  <system-out><![CDATA[]]></system-out>
  <system-err><![CDATA[]]></system-err>
</testsuite>
