<?xml version="1.0" encoding="UTF-8"?>
<testsuite name="com.kenzie.groupactivity.bigspender.GetTopTotalSpendsTest" tests="1" skipped="0" failures="0" errors="0" timestamp="2022-11-22T01:09:31" hostname="MASTERPC" time="0.037">
  <properties/>
  <testcase name="getTopTotalSpends_get_spendsAreSortedByName()" classname="com.kenzie.groupactivity.bigspender.GetTopTotalSpendsTest" time="0.037"/>
  <system-out><![CDATA[]]></system-out>
  <system-err><![CDATA[]]></system-err>
</testsuite>
