<?xml version="1.0" encoding="UTF-8"?>
<testsuite name="com.kenzie.groupactivity.bigspender.types.CustomerServiceSpendTest" tests="5" skipped="0" failures="0" errors="0" timestamp="2022-11-22T01:09:31" hostname="MASTERPC" time="0.019">
  <properties/>
  <testcase name="compareTo_withEarlierCustomerName_returnsPostiive()" classname="com.kenzie.groupactivity.bigspender.types.CustomerServiceSpendTest" time="0.005"/>
  <testcase name="compareTo_withLaterCustomerName_returnsNegative()" classname="com.kenzie.groupactivity.bigspender.types.CustomerServiceSpendTest" time="0.0"/>
  <testcase name="compareTo_withEqualSpend_returnsZero()" classname="com.kenzie.groupactivity.bigspender.types.CustomerServiceSpendTest" time="0.0"/>
  <testcase name="equals_withLaterCustomerName_returnsFalse()" classname="com.kenzie.groupactivity.bigspender.types.CustomerServiceSpendTest" time="0.011"/>
  <testcase name="equals_withEqualSpend_returnsTrue()" classname="com.kenzie.groupactivity.bigspender.types.CustomerServiceSpendTest" time="0.001"/>
  <system-out><![CDATA[]]></system-out>
  <system-err><![CDATA[]]></system-err>
</testsuite>
