<?xml version="1.0" encoding="UTF-8"?>
<testsuite name="com.kenzie.groupactivity.bigspender.types.CustomerTotalSpendTest" tests="7" skipped="0" failures="0" errors="0" timestamp="2022-11-22T01:09:31" hostname="MASTERPC" time="0.004">
  <properties/>
  <testcase name="equals_notEqualCustomer_returnsFalse()" classname="com.kenzie.groupactivity.bigspender.types.CustomerTotalSpendTest" time="0.0"/>
  <testcase name="getTotalSpend_withMultipleServiceSpends_returnsCorrectTotalSpend()" classname="com.kenzie.groupactivity.bigspender.types.CustomerTotalSpendTest" time="0.001"/>
  <testcase name="equals_equalAttributes_returnsTrue()" classname="com.kenzie.groupactivity.bigspender.types.CustomerTotalSpendTest" time="0.001"/>
  <testcase name="equals_notEqualSpend_returnsFalse()" classname="com.kenzie.groupactivity.bigspender.types.CustomerTotalSpendTest" time="0.0"/>
  <testcase name="equals_inputObjectDifferentType_returnsFalse()" classname="com.kenzie.groupactivity.bigspender.types.CustomerTotalSpendTest" time="0.001"/>
  <testcase name="equals_sameObject_returnsTrue()" classname="com.kenzie.groupactivity.bigspender.types.CustomerTotalSpendTest" time="0.0"/>
  <testcase name="equals_inputObjectNull_returnsFalse()" classname="com.kenzie.groupactivity.bigspender.types.CustomerTotalSpendTest" time="0.001"/>
  <system-out><![CDATA[]]></system-out>
  <system-err><![CDATA[]]></system-err>
</testsuite>
