<?xml version="1.0" encoding="UTF-8"?>
<testsuite name="com.kenzie.hotel.Phase2Test" tests="4" skipped="0" failures="0" errors="0" timestamp="2023-01-30T05:53:43" hostname="MASTERPC" time="4.292">
  <properties/>
  <testcase name="modifyReservationActivity_shortenedReservation_logsRevenueMetric()" classname="com.kenzie.hotel.Phase2Test" time="1.128"/>
  <testcase name="cancelReservationActivity_canceledReservation_logsRevenueMetric()" classname="com.kenzie.hotel.Phase2Test" time="1.125"/>
  <testcase name="bookReservationActivity_createsReservation_logsRevenueMetric()" classname="com.kenzie.hotel.Phase2Test" time="0.837"/>
  <testcase name="modifyReservationActivity_extendedReservation_logsRevenueMetric()" classname="com.kenzie.hotel.Phase2Test" time="1.2"/>
  <system-out><![CDATA[]]></system-out>
  <system-err><![CDATA[]]></system-err>
</testsuite>
