<?xml version="1.0" encoding="UTF-8"?>
<testsuite name="com.kenzie.app.MainTest" tests="9" skipped="0" failures="0" errors="0" timestamp="2022-09-07T17:50:21" hostname="MASTERPC" time="0.024">
  <properties/>
  <testcase name="createAccountWithNameAccountIdAndBalance()" classname="com.kenzie.app.MainTest" time="0.009"/>
  <testcase name="canMakeSuccessfulTransfer()" classname="com.kenzie.app.MainTest" time="0.007"/>
  <testcase name="createAccountWithName()" classname="com.kenzie.app.MainTest" time="0.001"/>
  <testcase name="createAccountWithNameAndAccountId()" classname="com.kenzie.app.MainTest" time="0.001"/>
  <testcase name="canMakeDeposit()" classname="com.kenzie.app.MainTest" time="0.0"/>
  <testcase name="canMakeFailedTransfer()" classname="com.kenzie.app.MainTest" time="0.0"/>
  <testcase name="canMakeFailingWithdrawal()" classname="com.kenzie.app.MainTest" time="0.001"/>
  <testcase name="canMakeSuccessfulWithdrawal()" classname="com.kenzie.app.MainTest" time="0.0"/>
  <testcase name="runMain()" classname="com.kenzie.app.MainTest" time="0.004"/>
  <system-out><![CDATA[]]></system-out>
  <system-err><![CDATA[]]></system-err>
</testsuite>
