<?xml version="1.0" encoding="UTF-8"?>
<testsuite name="com.kenzie.app.CustomHttpClientTest" tests="1" skipped="0" failures="0" errors="0" timestamp="2022-10-11T19:38:53" hostname="MASTERPC" time="0.219">
  <properties/>
  <testcase name="canSendGET()" classname="com.kenzie.app.CustomHttpClientTest" time="0.219"/>
  <system-out><![CDATA[]]></system-out>
  <system-err><![CDATA[]]></system-err>
</testsuite>
