<?xml version="1.0" encoding="UTF-8"?>
<testsuite name="com.kenzie.library.LibraryBookTest" tests="4" skipped="0" failures="0" errors="0" timestamp="2022-09-29T19:42:02" hostname="MASTERPC" time="0.018">
  <properties/>
  <testcase name="LibraryBook class can be instantiated with no arguments" classname="com.kenzie.library.LibraryBookTest" time="0.01"/>
  <testcase name="toString() method in LibraryBook class overridden with correct format" classname="com.kenzie.library.LibraryBookTest" time="0.006"/>
  <testcase name="LibraryBook class has setBookInfo() method defined correctly" classname="com.kenzie.library.LibraryBookTest" time="0.001"/>
  <testcase name="LibraryBook class can be instantiated with title and author" classname="com.kenzie.library.LibraryBookTest" time="0.0"/>
  <system-out><![CDATA[]]></system-out>
  <system-err><![CDATA[]]></system-err>
</testsuite>
