<?xml version="1.0" encoding="UTF-8"?>
<testsuite name="com.kenzie.socialcalendar.Phase0Test" tests="3" skipped="0" failures="0" errors="0" timestamp="2023-01-24T21:22:52" hostname="MASTERPC" time="1.427">
  <properties/>
  <testcase name="[1] DynamoDBDeleteIterators-Events" classname="com.kenzie.socialcalendar.Phase0Test" time="0.729"/>
  <testcase name="[2] DynamoDBDeleteIterators-Invites" classname="com.kenzie.socialcalendar.Phase0Test" time="0.343"/>
  <testcase name="[3] DynamoDBDeleteIterators-Members" classname="com.kenzie.socialcalendar.Phase0Test" time="0.348"/>
  <system-out><![CDATA[]]></system-out>
  <system-err><![CDATA[]]></system-err>
</testsuite>
