<?xml version="1.0" encoding="UTF-8"?>
<testsuite name="com.kenzie.chat.webapi.controller.ContentModerationControllerTest" tests="2" skipped="0" failures="0" errors="0" timestamp="2023-03-21T04:55:17" hostname="MASTERPC" time="5.27">
  <properties/>
  <testcase name="checkSpam_lessCommentsWithinProbation_staysActivate()" classname="com.kenzie.chat.webapi.controller.ContentModerationControllerTest" time="1.465"/>
  <testcase name="checkSpam_moreCommentsWithinProbation_deactivated()" classname="com.kenzie.chat.webapi.controller.ContentModerationControllerTest" time="3.805"/>
  <system-out><![CDATA[2023-03-20 21:55:10  INFO  AbstractContextLoader - Could not detect default resource locations for test class [com.kenzie.chat.webapi.controller.ContentModerationControllerTest]: no resource found for suffixes {-context.xml, Context.groovy}.
2023-03-20 21:55:10  INFO  AnnotationConfigContextLoaderUtils - Could not detect default configuration classes for test class [com.kenzie.chat.webapi.controller.ContentModerationControllerTest]: ContentModerationControllerTest does not declare any static, non-private, non-final, nested classes annotated with @Configuration.
2023-03-20 21:55:10  INFO  SpringBootTestContextBootstrapper - Found @SpringBootConfiguration com.kenzie.chat.Application for test class com.kenzie.chat.webapi.controller.ContentModerationControllerTest
2023-03-20 21:55:11  INFO  SpringBootTestContextBootstrapper - Loaded default TestExecutionListener class names from location [META-INF/spring.factories]: [org.springframework.boot.test.autoconfigure.restdocs.RestDocsTestExecutionListener, org.springframework.boot.test.autoconfigure.web.client.MockRestServiceServerResetTestExecutionListener, org.springframework.boot.test.autoconfigure.web.servlet.MockMvcPrintOnlyOnFailureTestExecutionListener, org.springframework.boot.test.autoconfigure.web.servlet.WebDriverTestExecutionListener, org.springframework.boot.test.autoconfigure.webservices.client.MockWebServiceServerTestExecutionListener, org.springframework.boot.test.mock.mockito.MockitoTestExecutionListener, org.springframework.boot.test.mock.mockito.ResetMocksTestExecutionListener, org.springframework.test.context.web.ServletTestExecutionListener, org.springframework.test.context.support.DirtiesContextBeforeModesTestExecutionListener, org.springframework.test.context.event.ApplicationEventsTestExecutionListener, org.springframework.test.context.support.DependencyInjectionTestExecutionListener, org.springframework.test.context.support.DirtiesContextTestExecutionListener, org.springframework.test.context.transaction.TransactionalTestExecutionListener, org.springframework.test.context.jdbc.SqlScriptsTestExecutionListener, org.springframework.test.context.event.EventPublishingTestExecutionListener]
2023-03-20 21:55:11  INFO  SpringBootTestContextBootstrapper - Using TestExecutionListeners: [org.springframework.test.context.web.ServletTestExecutionListener@5db87fb3, org.springframework.test.context.support.DirtiesContextBeforeModesTestExecutionListener@28fb7990, org.springframework.test.context.event.ApplicationEventsTestExecutionListener@1d57f707, org.springframework.boot.test.mock.mockito.MockitoTestExecutionListener@1cee1515, org.springframework.boot.test.autoconfigure.SpringBootDependencyInjectionTestExecutionListener@2b5a4dc, org.springframework.test.context.support.DirtiesContextTestExecutionListener@71f17ae3, org.springframework.test.context.transaction.TransactionalTestExecutionListener@53bc4415, org.springframework.test.context.jdbc.SqlScriptsTestExecutionListener@3f16b5ca, org.springframework.test.context.event.EventPublishingTestExecutionListener@10aa75b0, org.springframework.boot.test.autoconfigure.restdocs.RestDocsTestExecutionListener@6af62324, org.springframework.boot.test.autoconfigure.web.client.MockRestServiceServerResetTestExecutionListener@5bdb4e83, org.springframework.boot.test.autoconfigure.web.servlet.MockMvcPrintOnlyOnFailureTestExecutionListener@516918d7, org.springframework.boot.test.autoconfigure.web.servlet.WebDriverTestExecutionListener@12ade0bf, org.springframework.boot.test.autoconfigure.webservices.client.MockWebServiceServerTestExecutionListener@49191ecd, org.springframework.boot.test.mock.mockito.ResetMocksTestExecutionListener@4837fe3b]

  .   ____          _            __ _ _
 /\\ / ___'_ __ _ _(_)_ __  __ _ \ \ \ \
( ( )\___ | '_ | '_| | '_ \/ _` | \ \ \ \
 \\/  ___)| |_)| | | | | || (_| |  ) ) ) )
  '  |____| .__|_| |_|_| |_\__, | / / / /
 =========|_|==============|___/=/_/_/_/
 :: Spring Boot ::                (v2.6.3)

2023-03-20 21:55:11  INFO  Version - HV000001: Hibernate Validator 6.0.9.Final
2023-03-20 21:55:11  INFO  ContentModerationControllerTest - Starting ContentModerationControllerTest using Java 16 on MasterPC with PID 43140 (started by nlaus in C:\Users\nlaus\kenzie\ata-week-20-nicholaslaustrup\IntegrationTests)
2023-03-20 21:55:11  INFO  ContentModerationControllerTest - The following profiles are active: test
2023-03-20 21:55:12  INFO  RepositoryConfigurationDelegate - Bootstrapping Spring Data DynamoDB repositories in DEFAULT mode.
2023-03-20 21:55:12  INFO  RepositoryConfigurationDelegate - Finished Spring Data repository scanning in 31 ms. Found 1 DynamoDB repository interfaces.
2023-03-20 21:55:12  INFO  PostProcessorRegistrationDelegate$BeanPostProcessorChecker - Bean '(inner bean)#3b5a855a' of type [com.amazonaws.auth.EC2ContainerCredentialsProviderWrapper] is not eligible for getting processed by all BeanPostProcessors (for example: not eligible for auto-proxying)
2023-03-20 21:55:12  INFO  PostProcessorRegistrationDelegate$BeanPostProcessorChecker - Bean '(inner bean)#276dbfbf' of type [com.amazonaws.auth.profile.ProfileCredentialsProvider] is not eligible for getting processed by all BeanPostProcessors (for example: not eligible for auto-proxying)
2023-03-20 21:55:12  INFO  PostProcessorRegistrationDelegate$BeanPostProcessorChecker - Bean 'credentialsProvider' of type [org.springframework.cloud.aws.core.credentials.CredentialsProviderFactoryBean] is not eligible for getting processed by all BeanPostProcessors (for example: not eligible for auto-proxying)
2023-03-20 21:55:12  INFO  PostProcessorRegistrationDelegate$BeanPostProcessorChecker - Bean 'credentialsProvider' of type [com.amazonaws.auth.AWSCredentialsProviderChain] is not eligible for getting processed by all BeanPostProcessors (for example: not eligible for auto-proxying)
2023-03-20 21:55:12  INFO  PostProcessorRegistrationDelegate$BeanPostProcessorChecker - Bean 'dynamoDbConfig' of type [com.kenzie.chat.webapi.config.DynamoDbConfig$$EnhancerBySpringCGLIB$$647bd76] is not eligible for getting processed by all BeanPostProcessors (for example: not eligible for auto-proxying)
2023-03-20 21:55:13  INFO  PostProcessorRegistrationDelegate$BeanPostProcessorChecker - Bean 'amazonDynamoDB' of type [com.amazonaws.services.dynamodbv2.AmazonDynamoDBClient] is not eligible for getting processed by all BeanPostProcessors (for example: not eligible for auto-proxying)
2023-03-20 21:55:13  INFO  PostProcessorRegistrationDelegate$BeanPostProcessorChecker - Bean 'dynamoDB-DynamoDBMapperConfig' of type [com.amazonaws.services.dynamodbv2.datamodeling.DynamoDBMapperConfig] is not eligible for getting processed by all BeanPostProcessors (for example: not eligible for auto-proxying)
2023-03-20 21:55:13  INFO  TomcatWebServer - Tomcat initialized with port(s): 0 (http)
2023-03-20 21:55:13  INFO  ServletWebServerApplicationContext - Root WebApplicationContext: initialization completed in 2268 ms
2023-03-20 21:55:14  INFO  DynamoDBRepositoryFactory - Spring Data DynamoDB Version: 5.1.0 (2.1)
2023-03-20 21:55:14  INFO  DynamoDBRepositoryFactory - Spring Data Version:          2.6.2
2023-03-20 21:55:14  INFO  DynamoDBRepositoryFactory - AWS SDK Version:              1.11.1034
2023-03-20 21:55:14  INFO  DynamoDBRepositoryFactory - Java Version:                 16 - Java HotSpot(TM) 64-Bit Server VM 16+36-2231
2023-03-20 21:55:14  INFO  DynamoDBRepositoryFactory - Platform Details:             Windows 10 10.0
2023-03-20 21:55:14  WARN  DynamoDBRepositoryFactory - This Spring Data DynamoDB implementation might not be compatible with the available Spring Data classes on the classpath!
NoDefClassFoundExceptions or similar might occur!
2023-03-20 21:55:16  INFO  TestDispatcherServlet - Initializing Servlet ''
2023-03-20 21:55:16  INFO  EndpointLinksResolver - Exposing 1 endpoint(s) beneath base path '/actuator'
2023-03-20 21:55:16  INFO  TestDispatcherServlet - Completed initialization in 33 ms
2023-03-20 21:55:16  INFO  TomcatWebServer - Tomcat started on port(s): 56423 (http) with context path ''
2023-03-20 21:55:16  INFO  Entity2DynamoDBTableSynchronizer - Checking repository classes with DynamoDB tables KenzieChat-Comments for ContextRefreshedEvent
2023-03-20 21:55:17  INFO  ContentModerationControllerTest - Started ContentModerationControllerTest in 6.161 seconds (JVM running for 8.653)
]]></system-out>
  <system-err><![CDATA[Mar 20, 2023 9:55:13 PM org.apache.coyote.AbstractProtocol init
INFO: Initializing ProtocolHandler ["http-nio-auto-1"]
Mar 20, 2023 9:55:13 PM org.apache.catalina.core.StandardService startInternal
INFO: Starting service [Tomcat]
Mar 20, 2023 9:55:13 PM org.apache.catalina.core.StandardEngine startInternal
INFO: Starting Servlet engine: [Apache Tomcat/9.0.56]
Mar 20, 2023 9:55:13 PM org.apache.catalina.core.ApplicationContext log
INFO: Initializing Spring embedded WebApplicationContext
Mar 20, 2023 9:55:16 PM org.apache.catalina.core.ApplicationContext log
INFO: Initializing Spring TestDispatcherServlet ''
Mar 20, 2023 9:55:16 PM org.apache.coyote.AbstractProtocol start
INFO: Starting ProtocolHandler ["http-nio-auto-1"]
]]></system-err>
</testsuite>
