<?xml version="1.0" encoding="UTF-8"?>
<testsuite name="com.kenzie.chat.webapi.controller.UserControllerTest" tests="2" skipped="0" failures="0" errors="0" timestamp="2023-03-17T19:59:56" hostname="MASTERPC" time="0.261">
  <properties/>
  <testcase name="can_create_user()" classname="com.kenzie.chat.webapi.controller.UserControllerTest" time="0.086"/>
  <testcase name="can_get_user()" classname="com.kenzie.chat.webapi.controller.UserControllerTest" time="0.175"/>
  <system-out><![CDATA[2023-03-17 12:59:56  INFO  AbstractContextLoader - Could not detect default resource locations for test class [com.kenzie.chat.webapi.controller.UserControllerTest]: no resource found for suffixes {-context.xml, Context.groovy}.
2023-03-17 12:59:56  INFO  AnnotationConfigContextLoaderUtils - Could not detect default configuration classes for test class [com.kenzie.chat.webapi.controller.UserControllerTest]: UserControllerTest does not declare any static, non-private, non-final, nested classes annotated with @Configuration.
2023-03-17 12:59:56  INFO  SpringBootTestContextBootstrapper - Found @SpringBootConfiguration com.kenzie.chat.Application for test class com.kenzie.chat.webapi.controller.UserControllerTest
2023-03-17 12:59:56  INFO  SpringBootTestContextBootstrapper - Loaded default TestExecutionListener class names from location [META-INF/spring.factories]: [org.springframework.boot.test.autoconfigure.restdocs.RestDocsTestExecutionListener, org.springframework.boot.test.autoconfigure.web.client.MockRestServiceServerResetTestExecutionListener, org.springframework.boot.test.autoconfigure.web.servlet.MockMvcPrintOnlyOnFailureTestExecutionListener, org.springframework.boot.test.autoconfigure.web.servlet.WebDriverTestExecutionListener, org.springframework.boot.test.autoconfigure.webservices.client.MockWebServiceServerTestExecutionListener, org.springframework.boot.test.mock.mockito.MockitoTestExecutionListener, org.springframework.boot.test.mock.mockito.ResetMocksTestExecutionListener, org.springframework.test.context.web.ServletTestExecutionListener, org.springframework.test.context.support.DirtiesContextBeforeModesTestExecutionListener, org.springframework.test.context.event.ApplicationEventsTestExecutionListener, org.springframework.test.context.support.DependencyInjectionTestExecutionListener, org.springframework.test.context.support.DirtiesContextTestExecutionListener, org.springframework.test.context.transaction.TransactionalTestExecutionListener, org.springframework.test.context.jdbc.SqlScriptsTestExecutionListener, org.springframework.test.context.event.EventPublishingTestExecutionListener]
2023-03-17 12:59:56  INFO  SpringBootTestContextBootstrapper - Using TestExecutionListeners: [org.springframework.test.context.web.ServletTestExecutionListener@bd4d5f4, org.springframework.test.context.support.DirtiesContextBeforeModesTestExecutionListener@37bde454, org.springframework.test.context.event.ApplicationEventsTestExecutionListener@26f7d8fa, org.springframework.boot.test.mock.mockito.MockitoTestExecutionListener@63f3b1fe, org.springframework.boot.test.autoconfigure.SpringBootDependencyInjectionTestExecutionListener@4e25a301, org.springframework.test.context.support.DirtiesContextTestExecutionListener@16e271d5, org.springframework.test.context.transaction.TransactionalTestExecutionListener@e4a4bfb, org.springframework.test.context.jdbc.SqlScriptsTestExecutionListener@7048678d, org.springframework.test.context.event.EventPublishingTestExecutionListener@1316ef2e, org.springframework.boot.test.autoconfigure.restdocs.RestDocsTestExecutionListener@167f4840, org.springframework.boot.test.autoconfigure.web.client.MockRestServiceServerResetTestExecutionListener@4ab6dce7, org.springframework.boot.test.autoconfigure.web.servlet.MockMvcPrintOnlyOnFailureTestExecutionListener@7971ae33, org.springframework.boot.test.autoconfigure.web.servlet.WebDriverTestExecutionListener@5d3a41ac, org.springframework.boot.test.autoconfigure.webservices.client.MockWebServiceServerTestExecutionListener@316b2f03, org.springframework.boot.test.mock.mockito.ResetMocksTestExecutionListener@4dc68c2d]
]]></system-out>
  <system-err><![CDATA[]]></system-err>
</testsuite>
