<?xml version="1.0" encoding="UTF-8"?>
<testsuite name="com.kenzie.app.MainTest" tests="1" skipped="0" failures="0" errors="0" timestamp="2022-07-30T18:54:21" hostname="MASTERPC" time="0.012">
  <properties/>
  <testcase name="runMainWithoutCrashing()" classname="com.kenzie.app.MainTest" time="0.012"/>
  <system-out><![CDATA[]]></system-out>
  <system-err><![CDATA[]]></system-err>
</testsuite>
