<?xml version="1.0" encoding="UTF-8"?>
<testsuite name="com.kenzie.capstone.service.LambdaServiceTest" tests="19" skipped="0" failures="0" errors="0" timestamp="2023-07-10T20:33:16" hostname="MASTERPC" time="0.179">
  <properties/>
  <testcase name="setUserData_InvalidJson()" classname="com.kenzie.capstone.service.LambdaServiceTest" time="0.057"/>
  <testcase name="updateUserData_InvalidJson()" classname="com.kenzie.capstone.service.LambdaServiceTest" time="0.002"/>
  <testcase name="setClassAttendanceData()" classname="com.kenzie.capstone.service.LambdaServiceTest" time="0.014"/>
  <testcase name="getAllInstructorLeadClassData_ReturnsNull()" classname="com.kenzie.capstone.service.LambdaServiceTest" time="0.002"/>
  <testcase name="getAllUsersData()" classname="com.kenzie.capstone.service.LambdaServiceTest" time="0.002"/>
  <testcase name="getAllClassAttendanceData()" classname="com.kenzie.capstone.service.LambdaServiceTest" time="0.001"/>
  <testcase name="updateInstructorLeadClassData()" classname="com.kenzie.capstone.service.LambdaServiceTest" time="0.013"/>
  <testcase name="getAllClassAttendanceData_ReturnsNull()" classname="com.kenzie.capstone.service.LambdaServiceTest" time="0.0"/>
  <testcase name="updateClassAttendanceData()" classname="com.kenzie.capstone.service.LambdaServiceTest" time="0.001"/>
  <testcase name="updateUserData()" classname="com.kenzie.capstone.service.LambdaServiceTest" time="0.066"/>
  <testcase name="getInstructorLeadClassData()" classname="com.kenzie.capstone.service.LambdaServiceTest" time="0.001"/>
  <testcase name="getInstructorLeadClassData_ReturnsNull()" classname="com.kenzie.capstone.service.LambdaServiceTest" time="0.001"/>
  <testcase name="getAllInstructorLeadClassData()" classname="com.kenzie.capstone.service.LambdaServiceTest" time="0.001"/>
  <testcase name="setInstructorLeadClassData()" classname="com.kenzie.capstone.service.LambdaServiceTest" time="0.002"/>
  <testcase name="getUsersData_ReturnsNull()" classname="com.kenzie.capstone.service.LambdaServiceTest" time="0.001"/>
  <testcase name="getClassAttendanceData()" classname="com.kenzie.capstone.service.LambdaServiceTest" time="0.001"/>
  <testcase name="setUserData()" classname="com.kenzie.capstone.service.LambdaServiceTest" time="0.004"/>
  <testcase name="getClassAttendanceData_ReturnsNull()" classname="com.kenzie.capstone.service.LambdaServiceTest" time="0.001"/>
  <testcase name="getUserData()" classname="com.kenzie.capstone.service.LambdaServiceTest" time="0.0"/>
  <system-out><![CDATA[]]></system-out>
  <system-err><![CDATA[]]></system-err>
</testsuite>
