<?xml version="1.0" encoding="UTF-8"?>
<testsuite name="com.kenzie.dynamodbtabledesign.icecreamparlor.integration.Phase1Test" tests="1" skipped="0" failures="0" errors="0" timestamp="2023-02-25T18:50:51" hostname="MASTERPC" time="0.697">
  <properties/>
  <testcase name="[1] Cartons" classname="com.kenzie.dynamodbtabledesign.icecreamparlor.integration.Phase1Test" time="0.697"/>
  <system-out><![CDATA[]]></system-out>
  <system-err><![CDATA[]]></system-err>
</testsuite>
