<?xml version="1.0" encoding="UTF-8"?>
<testsuite name="com.kenzie.dynamodbtabledesign.icecreamparlor.integration.Phase0Test" tests="1" skipped="0" failures="0" errors="0" timestamp="2023-02-25T18:43:48" hostname="MASTERPC" time="0.717">
  <properties/>
  <testcase name="[1] Recipes" classname="com.kenzie.dynamodbtabledesign.icecreamparlor.integration.Phase0Test" time="0.717"/>
  <system-out><![CDATA[]]></system-out>
  <system-err><![CDATA[]]></system-err>
</testsuite>
