<?xml version="1.0" encoding="UTF-8"?>
<testsuite name="com.kenzie.dynamodbscan.icecream.Phase3Test" tests="4" skipped="0" failures="0" errors="0" timestamp="2023-02-06T00:10:10" hostname="MASTERPC" time="1.366">
  <properties/>
  <testcase name="order_twoSundaes_receiptContainsSundaes()" classname="com.kenzie.dynamodbscan.icecream.Phase3Test" time="0.364"/>
  <testcase name="order_twoSundaes_itemContainsCorrectJson()" classname="com.kenzie.dynamodbscan.icecream.Phase3Test" time="0.463"/>
  <testcase name="order_oneSundae_receiptContainsSundae()" classname="com.kenzie.dynamodbscan.icecream.Phase3Test" time="0.101"/>
  <testcase name="order_oneSundae_itemContainsCorrectJson()" classname="com.kenzie.dynamodbscan.icecream.Phase3Test" time="0.428"/>
  <system-out><![CDATA[]]></system-out>
  <system-err><![CDATA[]]></system-err>
</testsuite>
