<?xml version="1.0" encoding="UTF-8"?>
<testsuite name="com.kenzie.dynamodbscan.icecream.Phase1Test" tests="3" skipped="0" failures="0" errors="0" timestamp="2023-02-06T00:10:05" hostname="MASTERPC" time="1.403">
  <properties/>
  <testcase name="getSalesForTimePeriod_oneReceipt_salesMatch()" classname="com.kenzie.dynamodbscan.icecream.Phase1Test" time="0.473"/>
  <testcase name="getSalesForTimePeriod_twoReceipts_salesMatch()" classname="com.kenzie.dynamodbscan.icecream.Phase1Test" time="0.568"/>
  <testcase name="getSalesForTimePeriod_noReceipts_noSales()" classname="com.kenzie.dynamodbscan.icecream.Phase1Test" time="0.362"/>
  <system-out><![CDATA[]]></system-out>
  <system-err><![CDATA[]]></system-err>
</testsuite>
