<?xml version="1.0" encoding="UTF-8"?>
<testsuite name="com.kenzie.dynamodbscan.icecream.Phase2Test" tests="2" skipped="0" failures="0" errors="0" timestamp="2023-02-06T00:10:06" hostname="MASTERPC" time="3.461">
  <properties/>
  <testcase name="getReceipts_firstPage_returnsListSizeEqualToLimit()" classname="com.kenzie.dynamodbscan.icecream.Phase2Test" time="0.531"/>
  <testcase name="getReceipts_allResults_resultsContainNewlyCreatedReceipts()" classname="com.kenzie.dynamodbscan.icecream.Phase2Test" time="2.929"/>
  <system-out><![CDATA[]]></system-out>
  <system-err><![CDATA[]]></system-err>
</testsuite>
