<?xml version="1.0" encoding="UTF-8"?>
<testsuite name="com.kenzie.app.ApplicationTest" tests="5" skipped="0" failures="0" errors="0" timestamp="2022-10-03T17:48:14" hostname="MASTERPC" time="0.015">
  <properties/>
  <testcase name="Test: convertToString handles valid input" classname="com.kenzie.app.ApplicationTest" time="0.011"/>
  <testcase name="Test: convertToString throws NumberFormatException" classname="com.kenzie.app.ApplicationTest" time="0.002"/>
  <testcase name="Test: checkForEmptyString throws CustomEmptyStringException" classname="com.kenzie.app.ApplicationTest" time="0.001"/>
  <testcase name="Test: isInputValid handles valid input" classname="com.kenzie.app.ApplicationTest" time="0.0"/>
  <testcase name="Test: isInputValid throws IllegalArgumentException" classname="com.kenzie.app.ApplicationTest" time="0.0"/>
  <system-out><![CDATA[]]></system-out>
  <system-err><![CDATA[]]></system-err>
</testsuite>
